Total unused space is 51.35MB
    help/apis/configure-io-target-integration.md
    help/apis/assets/configure-io-target-generatetoken7.png
    help/apis/assets/OLDconfigure-io-target-jwt10.png
    help/apis/assets/configure-io-target-generatetoken5.png
    help/apis/assets/configure-io-target-createproject6.png
    help/apis/assets/configure-io-target-createproject2.png
    help/apis/assets/OLDconfigure-io-target-jwt2a.png
    help/apis/assets/configure-io-target-createproject5.png
    help/apis/assets/configure-io-target-testtoken3.png
    help/apis/assets/configure-io-target-testtoken2.png
    help/apis/assets/configure-io-target-jwt3a.png
    help/apis/assets/configure-io-target-createproject4.png
    help/apis/assets/OLDconfigure-io-target-create-3-public-key.png
    help/apis/assets/configure-io-target-testtoken5.png
    help/apis/assets/configure-io-target-testtoken1.png
    help/apis/assets/configure-io-target-createproject3.png
    help/apis/assets/configure-io-target-jwt3.png
    help/apis/assets/configure-io-target-jwt4.png
    help/apis/assets/configure-io-target-jwt5.png
    help/apis/assets/OLDconfigure-io-target-jwt9.png
    help/apis/assets/OLDconfigure-io-target-create-2a-target.png
    help/apis/assets/configure-io-target-jwt9.png
    help/apis/assets/OLDconfigure-io-target-jwt7.png
    help/apis/assets/configure-io-target-jwt11.png
    help/apis/assets/OLDconfigure-io-target-jwt8.png
    help/apis/assets/configure-io-target-jwt1a.png
    help/apis/assets/configure-io-target-jwt7.png
    help/apis/assets/OLDconfigure-io-target-jwt6.png
    help/apis/assets/configure-io-target-jwt1.png
    help/apis/assets/configure-io-target-testtoken0.png
    help/apis/assets/OLDconfigure-io-target-jwt3f.png
    help/apis/assets/OLDconfigure-io-target-jwt3i.png
    help/apis/assets/configure-io-target-createproject9.png
    help/apis/assets/configure-io-target-jwt8.png
    help/apis/assets/configure-io-target-testtoken4.png
    help/apis/assets/configure-io-target-generatetoken3.png
    help/apis/assets/OLDconfigure-io-target-jwt2.png
    help/apis/assets/configure-io-target-generatetoken1.png
    help/apis/assets/configure-io-target-generatetoken4.png
    help/apis/assets/configure-io-target-createproject11.png
    help/apis/assets/OLDconfigure-io-target-jwt3.png
    help/apis/assets/OLDconfigure-io-target-jwt5.png
    help/apis/assets/configure-io-target-testtoken6.png
    help/apis/assets/configure-io-target-jwt10.png
    help/apis/assets/configure-io-target-jwt6.png
    help/apis/assets/configure-io-target-jwt2.png
    help/apis/assets/configure-io-target-createproject8.png
    help/apis/assets/configure-io-target-generatetoken2.png
    help/apis/assets/OLDconfigure-io-target-jwt4.png
    help/apis/assets/configure-io-target-testtoken4a.png
    help/apis/assets/OLDconfigure-io-target-jwt2b.png
    help/apis/assets/OLDconfigure-io-target-create-3-target.png
    help/apis/assets/configure-io-target-createproject7.png
    help/assets/using_profile_comparisontobuildaudiencesinadobetarget.png
    help/assets/set_up_workspacesinadobetarget.png
    help/assets/using_the_visualexperiencecomposerforsinglepageapplicationsspave.png
    help/assets/use_activity_targetinginadobetarget.png
    help/assets/set_up_propertiesinadobetarget.png
    help/assets/using_profile_scriptsinadobetarget.png
    help/assets/thumb_recsCreateAnActivity.png
    help/assets/set_up_account_preferencesinadobetarget.png
    help/assets/using_dataprovidersinadobetarget.png
    help/assets/thumb_recsCreateAFeed.png
    help/assets/using_analytics_asadatasourcefortargeta4t.png
    help/assets/thumb_recsUnderstandingFeeds.png
    help/assets/thumb_swift.png
    help/assets/using_aem_experiencefragmentofferswithinadobetarget.png
    help/assets/using_opt-in_to_controlexperiencecloudactivitiesbasedonuserconse.png
    help/assets/implement_dataprovidersinadobetarget.png
    help/assets/using_the_form_basedexperiencecomposerinadobetarget.png
    help/assets/using_the_personalizationinsightsreportsinadobetarget.png
    help/assets/use_activity_settingsinadobetarget.png
    help/assets/set_up_multivariatetestsinadobetarget.png
    help/assets/thumb_recsCreateCollectionsAndExclusions.png
    help/assets/thumb_objectiveC.png
    help/assets/using_response_tokensandatjscustomeventswithadobetarget.png
    help/assets/thumb_android.png
    help/assets/understanding_enterpriseuserpermissionsinadobetarget.png
    help/assets/create_experiencetargetingactivitiesinadobetarget.png
    help/assets/using_the_visualexperiencecomposerinadobetarget.png
    help/assets/understanding_howadobetargetsatjs20worksinadobetarget.png
    help/assets/using_audiences_inadobetarget.png
    help/assets/thumb_recsCreateCustomDesigns.png
    help/assets/use_metrics_in_adobetargetactivities.png
    help/assets/understanding_thetypesofactivitiesadobetarget.png
    help/assets/set_up_a_b_testswithadobetarget.png
    help/assets/thumb_recsCreateCriteria.png
    help/mobile-v4/assets/prefetch_validation2.jpg
    help/mobile-v4/assets/offer_returning_users.jpg
    help/mobile-v4/assets/target_location_dropdown.jpg
    help/mobile-v4/assets/create_activity.jpg
    help/mobile-v4/assets/activity_engage_users.jpg
    help/mobile-v4/assets/DB6AFD89-1066-4A8B-9F0A-70DE1DAF571A.jpg
    help/mobile-v4/assets/personalize_layouts_home.jpg
    help/mobile-v4/assets/activity_engage_users_a_html_offer.jpg
    help/mobile-v4/assets/target_ui.jpg
    help/mobile-v4/assets/engage_new_user_toast.jpg
    help/mobile-v4/assets/audience_new_mobile_app_users.jpg
    help/mobile-v4/assets/offer_home.jpg
    help/mobile-v4/assets/activity_engage_users_goals.jpg
    help/mobile-v4/assets/travel_app_2_locations.jpg
    help/mobile-v4/assets/logcat_example.jpg
    help/mobile-v4/assets/activity_engage_users_a_html_offer2.jpg
    help/mobile-v4/assets/home_offer.jpg
    help/mobile-v4/assets/activity_engage_users_a.jpg
    help/mobile-v4/assets/activity_create.jpg
    help/mobile-v4/assets/5Steps.jpg
    help/mobile-v4/assets/travel_app.jpg
    help/mobile-v4/assets/engage_users_a.jpg
    help/mobile-v4/assets/readme.md
    help/mobile-v4/assets/personalize_layouts_search.jpg
    help/mobile-v4/assets/parameters_at_property.jpg
    help/mobile-v4/assets/audience_new_app_users.jpg
    help/mobile-v4/assets/offer_search.jpg
    help/mobile-v4/assets/mboxparam1.jpg
    help/mobile-v4/assets/activity_engage_users_a_audience.jpg
    help/mobile-v4/assets/2mboxes.jpg
    help/mobile-v4/assets/activity_engage_users_a_offer2.jpg
    help/mobile-v4/assets/target_location_dropdown2.jpg
    help/mobile-v4/assets/searchBusActivity.jpg
    help/mobile-v4/assets/home_offer_validation.jpg
    help/mobile-v4/assets/json_offers.jpg
    help/mobile-v4/assets/activity_engage_users_a_offer.jpg
    help/mobile-v4/assets/engage_users_b.jpg
    help/mobile-v4/assets/prefetch_call.jpg
    help/mobile-v4/assets/create_offers.jpg
    help/mobile-v4/assets/error1.jpg
    help/mobile-v4/assets/validate_homeactivity.jpg
    help/mobile-v4/assets/feature_flag_activity_goals.jpg
    help/mobile-v4/assets/activity_create_10.jpg
    help/mobile-v4/assets/travel_app2.jpg
    help/mobile-v4/assets/feature_flag_activity_targeting.jpg
    help/mobile-v4/assets/engage_users_activity.jpg
    help/recommendations-api-tutorial/manage-catalog.md
    help/recommendations-api-tutorial/manage-custom-criteria.md
    help/recommendations-api-tutorial/fetch-recs-server-side-delivery-api.md
    help/recommendations-api-tutorial/assets/getEntity.png
    help/recommendations-api-tutorial/assets/server-side-create-recs-json-response.png
    help/recommendations-api-tutorial/assets/CreateCustomCriteria4.png
    help/recommendations-api-tutorial/assets/client-code.png
    help/recommendations-api-tutorial/assets/DeleteEntities6.png
    help/recommendations-api-tutorial/assets/SaveEntities02.png
    help/recommendations-api-tutorial/assets/GetEntity5.png
    help/recommendations-api-tutorial/assets/debug3.png
    help/recommendations-api-tutorial/assets/GetEntity3.png
    help/recommendations-api-tutorial/assets/GetEntity2.png
    help/recommendations-api-tutorial/assets/EditCustomCriteria4.png
    help/recommendations-api-tutorial/assets/legacybatchdelete1.png
    help/recommendations-api-tutorial/assets/SaveEntities01.png
    help/recommendations-api-tutorial/assets/EditCustomCriteria2.png
    help/recommendations-api-tutorial/assets/DeleteCustomCriteria2.png
    help/recommendations-api-tutorial/assets/debug2.png
    help/recommendations-api-tutorial/assets/server-side-create-recs-form.png
    help/recommendations-api-tutorial/assets/SaveEntities04.png
    help/recommendations-api-tutorial/assets/ListCustomCriteria2.png
    help/recommendations-api-tutorial/assets/server-side-create-recs-post.png
    help/recommendations-api-tutorial/assets/ListCustomCriteria.png
    help/recommendations-api-tutorial/assets/GetCustomCriteria.png
    help/recommendations-api-tutorial/assets/GetEntity1.png
    help/recommendations-api-tutorial/assets/DeleteEntities7.png
    help/recommendations-api-tutorial/assets/DeleteEntities3.png
    help/recommendations-api-tutorial/assets/server-side-create-recs-json-response2.png
    help/recommendations-api-tutorial/assets/server-side-create-recs-json-design.png
    help/recommendations-api-tutorial/assets/client-code2.png
    help/recommendations-api-tutorial/assets/server-side-delivery-api-call2.png
    help/recommendations-api-tutorial/assets/SaveEntities06.png
    help/recommendations-api-tutorial/assets/CreateCustomCriteria1.png
    help/recommendations-api-tutorial/assets/GetCustomCriteria2.png
    help/recommendations-api-tutorial/assets/CreateCustomCriteria2.png
    help/recommendations-api-tutorial/assets/calculated-recs-csv-2.png
    help/recommendations-api-tutorial/assets/DeleteCustomCriteria1.png
    help/recommendations-api-tutorial/assets/custom-criteria-create.png
    help/recommendations-api-tutorial/assets/legacybatchdelete2.png
    help/recommendations-api-tutorial/assets/server-side-create-recs-form1.png
    help/recommendations-api-tutorial/assets/DeleteEntities4.png
    help/recommendations-api-tutorial/assets/DeleteEntities2.png
    help/recommendations-api-tutorial/assets/debug0.png
    help/recommendations-api-tutorial/assets/custom-criteria-get.png
    help/recommendations-api-tutorial/assets/SaveEntities05.png
    help/recommendations-api-tutorial/assets/deleteEntities.png
    help/recommendations-api-tutorial/assets/calculated-recs-csv-1.png
    help/recommendations-api-tutorial/assets/server-side-delivery-api-call1.png
    help/recommendations-api-tutorial/assets/server-side-Delivery-API-call.png
    help/recommendations-api-tutorial/assets/custom-criteria-example.png
    help/recommendations-api-tutorial/assets/configure-io-target-jwt3ff.png
    help/recommendations-api-tutorial/assets/debug0a.png
    help/recommendations-api-tutorial/assets/CreateCustomCriteria3.png
    help/recommendations-api-tutorial/assets/EditCustomCriteria1.png
    help/recommendations-api-tutorial/assets/custom-criteria-create-response.png
    help/recommendations-api-tutorial/assets/DeleteEntities5.png
    help/recommendations-api-tutorial/assets/client-code3.png
    help/recommendations-api-tutorial/assets/server-side-create-recs.png
    help/recommendations-api-tutorial/assets/custom-criteria-Recs-UI.png
    help/recommendations-api-tutorial/assets/GetEntity4.png
    help/recommendations-api-tutorial/assets/debug1.png
    help/recommendations-api-tutorial/assets/SaveEntities03.png
    help/recommendations-api-tutorial/assets/ListCustomCriteria1.png
    help/recommendations-api-tutorial/assets/EditCustomCriteria3.png
    help/recommendations-api-tutorial/assets/GetCustomCriteria1.png
    help/implementation/implement-mbox-parameters-using-dtm.md
